2015-05-10 15:07:57,688 [myid:] - INFO  [main:QuorumPeerConfig@103] - Reading configuration from: /home/jang/zookeeper/zookeeper-3.4.6/bin/../conf/zoo.cfg
2015-05-10 15:07:57,714 [myid:] - ERROR [main:QuorumPeerConfig@289] - Invalid configuration, only one server specified (ignoring)
2015-05-10 15:07:57,734 [myid:] - INFO  [main:DatadirCleanupManager@78] - autopurge.snapRetainCount set to 3
2015-05-10 15:07:57,735 [myid:] - INFO  [main:DatadirCleanupManager@79] - autopurge.purgeInterval set to 0
2015-05-10 15:07:57,737 [myid:] - INFO  [main:DatadirCleanupManager@101] - Purge task is not scheduled.
2015-05-10 15:07:57,738 [myid:] - WARN  [main:QuorumPeerMain@113] - Either no config or no quorum defined in config, running  in standalone mode
2015-05-10 15:07:57,795 [myid:] - INFO  [main:QuorumPeerConfig@103] - Reading configuration from: /home/jang/zookeeper/zookeeper-3.4.6/bin/../conf/zoo.cfg
2015-05-10 15:07:57,795 [myid:] - ERROR [main:QuorumPeerConfig@289] - Invalid configuration, only one server specified (ignoring)
2015-05-10 15:07:57,795 [myid:] - INFO  [main:ZooKeeperServerMain@95] - Starting server
2015-05-10 15:07:57,833 [myid:] - INFO  [main:Environment@100] - Server environment:zookeeper.version=3.4.6-1569965, built on 02/20/2014 09:09 GMT
2015-05-10 15:07:57,833 [myid:] - INFO  [main:Environment@100] - Server environment:host.name=localhost
2015-05-10 15:07:57,833 [myid:] - INFO  [main:Environment@100] - Server environment:java.version=1.7.0_76
2015-05-10 15:07:57,833 [myid:] - INFO  [main:Environment@100] - Server environment:java.vendor=Oracle Corporation
2015-05-10 15:07:57,836 [myid:] - INFO  [main:Environment@100] - Server environment:java.home=/usr/lib/jvm/java-7-oracle/jre
2015-05-10 15:07:57,836 [myid:] - INFO  [main:Environment@100] - Server environment:java.class.path=/home/jang/zookeeper/zookeeper-3.4.6/bin/../build/classes:/home/jang/zookeeper/zookeeper-3.4.6/bin/../build/lib/*.jar:/home/jang/zookeeper/zookeeper-3.4.6/bin/../lib/slf4j-log4j12-1.6.1.jar:/home/jang/zookeeper/zookeeper-3.4.6/bin/../lib/slf4j-api-1.6.1.jar:/home/jang/zookeeper/zookeeper-3.4.6/bin/../lib/netty-3.7.0.Final.jar:/home/jang/zookeeper/zookeeper-3.4.6/bin/../lib/log4j-1.2.16.jar:/home/jang/zookeeper/zookeeper-3.4.6/bin/../lib/jline-0.9.94.jar:/home/jang/zookeeper/zookeeper-3.4.6/bin/../zookeeper-3.4.6.jar:/home/jang/zookeeper/zookeeper-3.4.6/bin/../src/java/lib/*.jar:/home/jang/zookeeper/zookeeper-3.4.6/bin/../conf:
2015-05-10 15:07:57,837 [myid:] - INFO  [main:Environment@100] - Server environment:java.library.path=/usr/java/packages/lib/i386:/lib:/usr/lib
2015-05-10 15:07:57,838 [myid:] - INFO  [main:Environment@100] - Server environment:java.io.tmpdir=/tmp
2015-05-10 15:07:57,838 [myid:] - INFO  [main:Environment@100] - Server environment:java.compiler=<NA>
2015-05-10 15:07:57,838 [myid:] - INFO  [main:Environment@100] - Server environment:os.name=Linux
2015-05-10 15:07:57,839 [myid:] - INFO  [main:Environment@100] - Server environment:os.arch=i386
2015-05-10 15:07:57,839 [myid:] - INFO  [main:Environment@100] - Server environment:os.version=3.2.0-23-generic-pae
2015-05-10 15:07:57,839 [myid:] - INFO  [main:Environment@100] - Server environment:user.name=jang
2015-05-10 15:07:57,840 [myid:] - INFO  [main:Environment@100] - Server environment:user.home=/home/jang
2015-05-10 15:07:57,840 [myid:] - INFO  [main:Environment@100] - Server environment:user.dir=/home/jang/thinkmine/IdeaDepot
2015-05-10 15:07:57,856 [myid:] - INFO  [main:ZooKeeperServer@755] - tickTime set to 2000
2015-05-10 15:07:57,857 [myid:] - INFO  [main:ZooKeeperServer@764] - minSessionTimeout set to -1
2015-05-10 15:07:57,857 [myid:] - INFO  [main:ZooKeeperServer@773] - maxSessionTimeout set to -1
2015-05-10 15:07:57,876 [myid:] - INFO  [main:NIOServerCnxnFactory@94] - binding to port 0.0.0.0/0.0.0.0:2181
2015-05-10 15:08:40,001 [myid:] - INFO  [SessionTracker:ZooKeeperServer@347] - Expiring session 0x14cabfbb0220004, timeout of 40000ms exceeded
2015-05-10 15:08:40,004 [myid:] - INFO  [SessionTracker:ZooKeeperServer@347] - Expiring session 0x14cabfbb0220002, timeout of 40000ms exceeded
2015-05-10 15:08:40,004 [myid:] - INFO  [SessionTracker:ZooKeeperServer@347] - Expiring session 0x14cabfbb0220003, timeout of 40000ms exceeded
2015-05-10 15:08:40,004 [myid:] - INFO  [SessionTracker:ZooKeeperServer@347] - Expiring session 0x14cabfbb0220005, timeout of 40000ms exceeded
2015-05-10 15:08:40,005 [myid:] - INFO  [SessionTracker:ZooKeeperServer@347] - Expiring session 0x14cabfbb0220001, timeout of 40000ms exceeded
2015-05-10 15:08:40,008 [myid:] - INFO  [SessionTracker:ZooKeeperServer@347] - Expiring session 0x14cabfbb0220006, timeout of 40000ms exceeded
2015-05-10 15:08:40,008 [myid:] - INFO  [SessionTracker:ZooKeeperServer@347] - Expiring session 0x14cabfbb0220000, timeout of 40000ms exceeded
2015-05-10 15:08:40,008 [myid:] - INFO  [SessionTracker:ZooKeeperServer@347] - Expiring session 0x14cabfbb0220007, timeout of 40000ms exceeded
2015-05-10 15:08:40,009 [myid:] - INFO  [ProcessThread(sid:0 cport:-1)::PrepRequestProcessor@494] - Processed session termination for sessionid: 0x14cabfbb0220004
2015-05-10 15:08:40,009 [myid:] - INFO  [ProcessThread(sid:0 cport:-1)::PrepRequestProcessor@494] - Processed session termination for sessionid: 0x14cabfbb0220002
2015-05-10 15:08:40,010 [myid:] - INFO  [ProcessThread(sid:0 cport:-1)::PrepRequestProcessor@494] - Processed session termination for sessionid: 0x14cabfbb0220003
2015-05-10 15:08:40,010 [myid:] - INFO  [ProcessThread(sid:0 cport:-1)::PrepRequestProcessor@494] - Processed session termination for sessionid: 0x14cabfbb0220005
2015-05-10 15:08:40,011 [myid:] - INFO  [ProcessThread(sid:0 cport:-1)::PrepRequestProcessor@494] - Processed session termination for sessionid: 0x14cabfbb0220001
2015-05-10 15:08:40,009 [myid:] - INFO  [SyncThread:0:FileTxnLog@199] - Creating new log file: log.4d9
2015-05-10 15:08:40,012 [myid:] - INFO  [ProcessThread(sid:0 cport:-1)::PrepRequestProcessor@494] - Processed session termination for sessionid: 0x14cabfbb0220006
2015-05-10 15:08:40,019 [myid:] - INFO  [ProcessThread(sid:0 cport:-1)::PrepRequestProcessor@494] - Processed session termination for sessionid: 0x14cabfbb0220000
2015-05-10 15:08:40,019 [myid:] - INFO  [ProcessThread(sid:0 cport:-1)::PrepRequestProcessor@494] - Processed session termination for sessionid: 0x14cabfbb0220007
2015-05-10 15:08:46,092 [myid:] - INFO  [NIOServerCxn.Factory:0.0.0.0/0.0.0.0:2181:NIOServerCnxnFactory@197] - Accepted socket connection from /127.0.0.1:39303
2015-05-10 15:08:46,141 [myid:] - INFO  [NIOServerCxn.Factory:0.0.0.0/0.0.0.0:2181:ZooKeeperServer@868] - Client attempting to establish new session at /127.0.0.1:39303
2015-05-10 15:08:46,209 [myid:] - INFO  [SyncThread:0:ZooKeeperServer@617] - Established session 0x14d3c6fef7b0000 with negotiated timeout 40000 for client /127.0.0.1:39303
